[32m2026-02-26 12:04:22 +0000[0m - dagster - [34mDEBUG[0m - __ASSET_JOB - 998b4da8-10fc-4090-ae75-87333d43a0b4 - 2504561 - LOGS_CAPTURED - Started capturing logs in process (pid: 2504561).
[32m2026-02-26 12:04:22 +0000[0m - dagster - [34mDEBUG[0m - __ASSET_JOB - 998b4da8-10fc-4090-ae75-87333d43a0b4 - 2504561 - GCM_Retour_Donnees_OLGA - STEP_START - Started execution of step "GCM_Retour_Donnees_OLGA".
[32m2026-02-26 12:04:22 +0000[0m - dagster - [34mINFO[0m - __ASSET_JOB - 998b4da8-10fc-4090-ae75-87333d43a0b4 - GCM_Retour_Donnees_OLGA - 
================================================================================
[32m2026-02-26 12:04:22 +0000[0m - dagster - [34mINFO[0m - __ASSET_JOB - 998b4da8-10fc-4090-ae75-87333d43a0b4 - GCM_Retour_Donnees_OLGA - 🚀 PIPELINE MSSQL → SNOWFLAKE
[32m2026-02-26 12:04:22 +0000[0m - dagster - [34mINFO[0m - __ASSET_JOB - 998b4da8-10fc-4090-ae75-87333d43a0b4 - GCM_Retour_Donnees_OLGA - 📤➡️❄️  Méthode: BCP + COPY INTO
[32m2026-02-26 12:04:22 +0000[0m - dagster - [34mINFO[0m - __ASSET_JOB - 998b4da8-10fc-4090-ae75-87333d43a0b4 - GCM_Retour_Donnees_OLGA - ================================================================================

[32m2026-02-26 12:04:22 +0000[0m - dagster - [34mINFO[0m - __ASSET_JOB - 998b4da8-10fc-4090-ae75-87333d43a0b4 - GCM_Retour_Donnees_OLGA - ================================================================================
[32m2026-02-26 12:04:22 +0000[0m - dagster - [34mINFO[0m - __ASSET_JOB - 998b4da8-10fc-4090-ae75-87333d43a0b4 - GCM_Retour_Donnees_OLGA - 📤 Export BCP depuis SQL Server pour la table GCM_Retour_Donnees_OLGA
[32m2026-02-26 12:04:22 +0000[0m - dagster - [34mINFO[0m - __ASSET_JOB - 998b4da8-10fc-4090-ae75-87333d43a0b4 - GCM_Retour_Donnees_OLGA - ================================================================================
[32m2026-02-26 12:04:22 +0000[0m - dagster - [34mINFO[0m - __ASSET_JOB - 998b4da8-10fc-4090-ae75-87333d43a0b4 - GCM_Retour_Donnees_OLGA - 🗑️  Fichier existant supprimé: /tmp/mssql_export.csv
2026-02-26 12:04:22,656 - INFO - 🔧 BCPExporter initialisé:
2026-02-26 12:04:22,656 - INFO -    Mode: Natif
2026-02-26 12:04:22,656 - INFO -    BCP: bcp
[32m2026-02-26 12:04:22 +0000[0m - dagster - [34mINFO[0m - __ASSET_JOB - 998b4da8-10fc-4090-ae75-87333d43a0b4 - GCM_Retour_Donnees_OLGA - 🔄 Exécution BCP...
2026-02-26 12:04:22,673 - INFO - 💻 Mode natif
2026-02-26 12:04:22,673 - INFO - 🔄 Commande BCP: bcp SELECT TOP 10000000 * FROM GCM_Retour_Donnees_OLGA WITH (NOLOCK) queryout /tmp/mssql_export.csv -c -C 65001 -t | -r 
 -S *** -d *** -U *** -P ***
2026-02-26 12:07:44,566 - INFO - ✅ Export BCP réussi: Durée 201.89s, Taille 152.52 MB
[32m2026-02-26 12:07:44 +0000[0m - dagster - [34mINFO[0m - __ASSET_JOB - 998b4da8-10fc-4090-ae75-87333d43a0b4 - GCM_Retour_Donnees_OLGA - ✅ Export BCP terminé en 201.89s
[32m2026-02-26 12:07:44 +0000[0m - dagster - [34mINFO[0m - __ASSET_JOB - 998b4da8-10fc-4090-ae75-87333d43a0b4 - GCM_Retour_Donnees_OLGA -    Temps BCP: 201.89s
[32m2026-02-26 12:07:44 +0000[0m - dagster - [34mINFO[0m - __ASSET_JOB - 998b4da8-10fc-4090-ae75-87333d43a0b4 - GCM_Retour_Donnees_OLGA -    Fichier: /tmp/mssql_export.csv
[32m2026-02-26 12:07:44 +0000[0m - dagster - [34mINFO[0m - __ASSET_JOB - 998b4da8-10fc-4090-ae75-87333d43a0b4 - GCM_Retour_Donnees_OLGA -    Taille: 152.52 MB
[32m2026-02-26 12:07:44 +0000[0m - dagster - [34mINFO[0m - __ASSET_JOB - 998b4da8-10fc-4090-ae75-87333d43a0b4 - GCM_Retour_Donnees_OLGA - ================================================================================
[32m2026-02-26 12:07:44 +0000[0m - dagster - [34mINFO[0m - __ASSET_JOB - 998b4da8-10fc-4090-ae75-87333d43a0b4 - GCM_Retour_Donnees_OLGA - 🔧 Setup Snowflake
[32m2026-02-26 12:07:44 +0000[0m - dagster - [34mINFO[0m - __ASSET_JOB - 998b4da8-10fc-4090-ae75-87333d43a0b4 - GCM_Retour_Donnees_OLGA - ================================================================================
2026-02-26 12:07:44,757 - INFO - Snowflake Connector for Python Version: 4.3.0, Python Version: 3.12.3, Platform: Linux-6.6.87.2-microsoft-standard-WSL2-x86_64-with-glibc2.39
2026-02-26 12:07:44,760 - INFO - Connecting to GLOBAL Snowflake domain
[32m2026-02-26 12:07:48 +0000[0m - dagster - [34mINFO[0m - __ASSET_JOB - 998b4da8-10fc-4090-ae75-87333d43a0b4 - GCM_Retour_Donnees_OLGA - 🔧 Création du file format CSV...
[32m2026-02-26 12:07:48 +0000[0m - dagster - [34mINFO[0m - __ASSET_JOB - 998b4da8-10fc-4090-ae75-87333d43a0b4 - GCM_Retour_Donnees_OLGA - ✅ File format mssql_csv_file_format créé
[32m2026-02-26 12:07:48 +0000[0m - dagster - [34mINFO[0m - __ASSET_JOB - 998b4da8-10fc-4090-ae75-87333d43a0b4 - GCM_Retour_Donnees_OLGA - 🔧 Création du stage...
[32m2026-02-26 12:07:48 +0000[0m - dagster - [34mINFO[0m - __ASSET_JOB - 998b4da8-10fc-4090-ae75-87333d43a0b4 - GCM_Retour_Donnees_OLGA - ✅ Stage MSSQL_DIRECT_STAGE créé
[32m2026-02-26 12:07:48 +0000[0m - dagster - [34mINFO[0m - __ASSET_JOB - 998b4da8-10fc-4090-ae75-87333d43a0b4 - GCM_Retour_Donnees_OLGA - 🔧 Création de la table NEEMBA.EQUIPEMENT.GCM_Retour_Donnees_OLGA...
2026-02-26 12:07:48,815 - INFO - 🔧 Génération DDL: AI_GCM_Retour_Donnees_OLGA
2026-02-26 12:07:48,815 - INFO - 📋 Extraction du schéma: GCM_Retour_Donnees_OLGA
2026-02-26 12:07:51,646 - INFO - ✅ 24 colonnes extraites
2026-02-26 12:07:51,777 - INFO - ✅ DDL généré (24 colonnes)
 CREATE OR REPLACE TABLE NEEMBA.EQUIPEMENT.AI_GCM_Retour_Donnees_OLGA (
    Cle_Client NUMBER(10,0) NULL,
    Cle_CLient_Referent NUMBER(10,0) NULL,
    MajorClass_lib VARCHAR(100) NULL,
    MajorClass_code VARCHAR(10) NULL,
    MajorClass_type VARCHAR(10) NULL,
    Cle_RA NUMBER(10,0) NULL,
    Client_DCN_Pere VARCHAR(100) NULL,
    Client_DCN_Fils VARCHAR(100) NULL,
    Chargement_Nom_Fichier VARCHAR(100),
    Date_Annee_Extraction VARCHAR(25),
    Date_Mois_Extraction VARCHAR(2) NULL,
    Date_Mois_Jour NUMBER(10,0) NULL,
    Flag_12R NUMBER(10,0) NULL,
    Date_Debut_Analyse TIMESTAMP_NTZ,
    Date_Fin_Analyse TIMESTAMP_NTZ,
    Labor_Opportunite_Labor_Heures NUMBER(10,0),
    Labor_Ventes_Heures NUMBER(10,0),
    Labor_Opportunite_Montant NUMBER(10,0),
    Labor_Ventes_Montant NUMBER(10,0),
    Parts_Ventes_Montant NUMBER(10,0),
    Parts_Opportunite_Montant NUMBER(10,0) NULL,
    NbMachines NUMBER(10,0),
    Montant_Boost FLOAT,
    Flag_Annee_Mois_Max VARCHAR(1) NULL
)
[32m2026-02-26 12:07:52 +0000[0m - dagster - [34mINFO[0m - __ASSET_JOB - 998b4da8-10fc-4090-ae75-87333d43a0b4 - GCM_Retour_Donnees_OLGA - ✅ Table GCM_Retour_Donnees_OLGA créée avec succès
[32m2026-02-26 12:07:52 +0000[0m - dagster - [34mINFO[0m - __ASSET_JOB - 998b4da8-10fc-4090-ae75-87333d43a0b4 - GCM_Retour_Donnees_OLGA -    Localisation: NEEMBA.EQUIPEMENT.GCM_Retour_Donnees_OLGA
[32m2026-02-26 12:07:52 +0000[0m - dagster - [34mINFO[0m - __ASSET_JOB - 998b4da8-10fc-4090-ae75-87333d43a0b4 - GCM_Retour_Donnees_OLGA - ================================================================================
[32m2026-02-26 12:07:52 +0000[0m - dagster - [34mINFO[0m - __ASSET_JOB - 998b4da8-10fc-4090-ae75-87333d43a0b4 - GCM_Retour_Donnees_OLGA - 📤 Upload vers Snowflake Stage
[32m2026-02-26 12:07:52 +0000[0m - dagster - [34mINFO[0m - __ASSET_JOB - 998b4da8-10fc-4090-ae75-87333d43a0b4 - GCM_Retour_Donnees_OLGA - ================================================================================
2026-02-26 12:07:52,497 - INFO - Snowflake Connector for Python Version: 4.3.0, Python Version: 3.12.3, Platform: Linux-6.6.87.2-microsoft-standard-WSL2-x86_64-with-glibc2.39
2026-02-26 12:07:52,498 - INFO - Connecting to GLOBAL Snowflake domain
[32m2026-02-26 12:07:55 +0000[0m - dagster - [34mINFO[0m - __ASSET_JOB - 998b4da8-10fc-4090-ae75-87333d43a0b4 - GCM_Retour_Donnees_OLGA - 🔄 Upload de mssql_export.csv...
[32m2026-02-26 12:08:04 +0000[0m - dagster - [34mINFO[0m - __ASSET_JOB - 998b4da8-10fc-4090-ae75-87333d43a0b4 - GCM_Retour_Donnees_OLGA - ✅ Upload terminé en 9.31s
[32m2026-02-26 12:08:04 +0000[0m - dagster - [34mINFO[0m - __ASSET_JOB - 998b4da8-10fc-4090-ae75-87333d43a0b4 - GCM_Retour_Donnees_OLGA - 📁 Fichiers dans le stage: 1
[32m2026-02-26 12:08:05 +0000[0m - dagster - [34mINFO[0m - __ASSET_JOB - 998b4da8-10fc-4090-ae75-87333d43a0b4 - GCM_Retour_Donnees_OLGA - ================================================================================
[32m2026-02-26 12:08:05 +0000[0m - dagster - [34mINFO[0m - __ASSET_JOB - 998b4da8-10fc-4090-ae75-87333d43a0b4 - GCM_Retour_Donnees_OLGA - 📥 COPY INTO Snowflake
[32m2026-02-26 12:08:05 +0000[0m - dagster - [34mINFO[0m - __ASSET_JOB - 998b4da8-10fc-4090-ae75-87333d43a0b4 - GCM_Retour_Donnees_OLGA - ================================================================================
2026-02-26 12:08:05,109 - INFO - Snowflake Connector for Python Version: 4.3.0, Python Version: 3.12.3, Platform: Linux-6.6.87.2-microsoft-standard-WSL2-x86_64-with-glibc2.39
2026-02-26 12:08:05,109 - INFO - Connecting to GLOBAL Snowflake domain
[32m2026-02-26 12:08:08 +0000[0m - dagster - [34mINFO[0m - __ASSET_JOB - 998b4da8-10fc-4090-ae75-87333d43a0b4 - GCM_Retour_Donnees_OLGA - 🔄 Chargement dans AI_GCM_Retour_Donnees_OLGA...
[32m2026-02-26 12:08:18 +0000[0m - dagster - [34mINFO[0m - __ASSET_JOB - 998b4da8-10fc-4090-ae75-87333d43a0b4 - GCM_Retour_Donnees_OLGA -    ✓ mssql_direct_stage/mssql_export.csv.gz: 937,485 lignes
[32m2026-02-26 12:08:19 +0000[0m - dagster - [34mINFO[0m - __ASSET_JOB - 998b4da8-10fc-4090-ae75-87333d43a0b4 - GCM_Retour_Donnees_OLGA - ✅ COPY INTO terminé en 10.33s
[32m2026-02-26 12:08:19 +0000[0m - dagster - [34mINFO[0m - __ASSET_JOB - 998b4da8-10fc-4090-ae75-87333d43a0b4 - GCM_Retour_Donnees_OLGA - 📊✅ Nombre de lignes chargées : 937,485
[32m2026-02-26 12:08:19 +0000[0m - dagster - [34mINFO[0m - __ASSET_JOB - 998b4da8-10fc-4090-ae75-87333d43a0b4 - GCM_Retour_Donnees_OLGA - 📊❌ Nombre d'erreurs : 0
[32m2026-02-26 12:08:19 +0000[0m - dagster - [34mINFO[0m - __ASSET_JOB - 998b4da8-10fc-4090-ae75-87333d43a0b4 - GCM_Retour_Donnees_OLGA - 📊 Total dans la table AI_GCM_Retour_Donnees_OLGA: 937,485
[32m2026-02-26 12:08:19 +0000[0m - dagster - [34mINFO[0m - __ASSET_JOB - 998b4da8-10fc-4090-ae75-87333d43a0b4 - GCM_Retour_Donnees_OLGA - 
================================================================================
[32m2026-02-26 12:08:19 +0000[0m - dagster - [34mINFO[0m - __ASSET_JOB - 998b4da8-10fc-4090-ae75-87333d43a0b4 - GCM_Retour_Donnees_OLGA - ✅ PIPELINE TERMINÉ AVEC SUCCÈS
[32m2026-02-26 12:08:19 +0000[0m - dagster - [34mINFO[0m - __ASSET_JOB - 998b4da8-10fc-4090-ae75-87333d43a0b4 - GCM_Retour_Donnees_OLGA - 🕒 Temps total Snowflake: 237.11s
[32m2026-02-26 12:08:19 +0000[0m - dagster - [34mINFO[0m - __ASSET_JOB - 998b4da8-10fc-4090-ae75-87333d43a0b4 - GCM_Retour_Donnees_OLGA - 📊 Total lignes insérées: 937,485
[32m2026-02-26 12:08:19 +0000[0m - dagster - [34mINFO[0m - __ASSET_JOB - 998b4da8-10fc-4090-ae75-87333d43a0b4 - GCM_Retour_Donnees_OLGA - ⚡ Débit: 3954 rows/sec
[32m2026-02-26 12:08:19 +0000[0m - dagster - [34mINFO[0m - __ASSET_JOB - 998b4da8-10fc-4090-ae75-87333d43a0b4 - GCM_Retour_Donnees_OLGA - ================================================================================

[32m2026-02-26 12:08:19 +0000[0m - dagster - [34mDEBUG[0m - __ASSET_JOB - 998b4da8-10fc-4090-ae75-87333d43a0b4 - 2504561 - GCM_Retour_Donnees_OLGA - STEP_OUTPUT - Yielded output "result" of type "Any". (Type check passed).
2026-02-26 12:08:19,725 - INFO - Context impl SQLiteImpl.
2026-02-26 12:08:19,726 - INFO - Will assume non-transactional DDL.
[32m2026-02-26 12:08:19 +0000[0m - dagster - [34mDEBUG[0m - __ASSET_JOB - 998b4da8-10fc-4090-ae75-87333d43a0b4 - 2504561 - GCM_Retour_Donnees_OLGA - ASSET_MATERIALIZATION - Materialized value GCM_Retour_Donnees_OLGA.
[32m2026-02-26 12:08:19 +0000[0m - dagster - [34mDEBUG[0m - __ASSET_JOB - 998b4da8-10fc-4090-ae75-87333d43a0b4 - 2504561 - GCM_Retour_Donnees_OLGA - STEP_SUCCESS - Finished execution of step "GCM_Retour_Donnees_OLGA" in 3m57s.
