[32m2026-02-26 12:10:45 +0000[0m - dagster - [34mDEBUG[0m - __ASSET_JOB - af532250-b7a3-4656-a5de-2fee182779e4 - 2521216 - LOGS_CAPTURED - Started capturing logs in process (pid: 2521216).
[32m2026-02-26 12:10:45 +0000[0m - dagster - [34mDEBUG[0m - __ASSET_JOB - af532250-b7a3-4656-a5de-2fee182779e4 - 2521216 - V_tiers_dashboard_am - STEP_START - Started execution of step "V_tiers_dashboard_am".
[32m2026-02-26 12:10:45 +0000[0m - dagster - [34mINFO[0m - __ASSET_JOB - af532250-b7a3-4656-a5de-2fee182779e4 - V_tiers_dashboard_am - 
================================================================================
[32m2026-02-26 12:10:45 +0000[0m - dagster - [34mINFO[0m - __ASSET_JOB - af532250-b7a3-4656-a5de-2fee182779e4 - V_tiers_dashboard_am - 🚀 PIPELINE MSSQL → SNOWFLAKE
[32m2026-02-26 12:10:45 +0000[0m - dagster - [34mINFO[0m - __ASSET_JOB - af532250-b7a3-4656-a5de-2fee182779e4 - V_tiers_dashboard_am - 📤➡️❄️  Méthode: BCP + COPY INTO
[32m2026-02-26 12:10:45 +0000[0m - dagster - [34mINFO[0m - __ASSET_JOB - af532250-b7a3-4656-a5de-2fee182779e4 - V_tiers_dashboard_am - ================================================================================

[32m2026-02-26 12:10:45 +0000[0m - dagster - [34mINFO[0m - __ASSET_JOB - af532250-b7a3-4656-a5de-2fee182779e4 - V_tiers_dashboard_am - ================================================================================
[32m2026-02-26 12:10:45 +0000[0m - dagster - [34mINFO[0m - __ASSET_JOB - af532250-b7a3-4656-a5de-2fee182779e4 - V_tiers_dashboard_am - 📤 Export BCP depuis SQL Server pour la table V_tiers_dashboard_am
[32m2026-02-26 12:10:45 +0000[0m - dagster - [34mINFO[0m - __ASSET_JOB - af532250-b7a3-4656-a5de-2fee182779e4 - V_tiers_dashboard_am - ================================================================================
[32m2026-02-26 12:10:45 +0000[0m - dagster - [34mINFO[0m - __ASSET_JOB - af532250-b7a3-4656-a5de-2fee182779e4 - V_tiers_dashboard_am - 🗑️  Fichier existant supprimé: /tmp/mssql_export.csv
2026-02-26 12:10:45,337 - INFO - 🔧 BCPExporter initialisé:
2026-02-26 12:10:45,338 - INFO -    Mode: Natif
2026-02-26 12:10:45,338 - INFO -    BCP: bcp
[32m2026-02-26 12:10:45 +0000[0m - dagster - [34mINFO[0m - __ASSET_JOB - af532250-b7a3-4656-a5de-2fee182779e4 - V_tiers_dashboard_am - 🔄 Exécution BCP...
2026-02-26 12:10:45,363 - INFO - 💻 Mode natif
2026-02-26 12:10:45,363 - INFO - 🔄 Commande BCP: bcp SELECT TOP 10000000 * FROM V_tiers_dashboard_am WITH (NOLOCK) queryout /tmp/mssql_export.csv -c -C 65001 -t | -r 
 -S *** -d *** -U *** -P ***
2026-02-26 12:11:25,216 - INFO - ✅ Export BCP réussi: Durée 39.85s, Taille 33.45 MB
[32m2026-02-26 12:11:25 +0000[0m - dagster - [34mINFO[0m - __ASSET_JOB - af532250-b7a3-4656-a5de-2fee182779e4 - V_tiers_dashboard_am - ✅ Export BCP terminé en 39.85s
[32m2026-02-26 12:11:25 +0000[0m - dagster - [34mINFO[0m - __ASSET_JOB - af532250-b7a3-4656-a5de-2fee182779e4 - V_tiers_dashboard_am -    Temps BCP: 39.85s
[32m2026-02-26 12:11:25 +0000[0m - dagster - [34mINFO[0m - __ASSET_JOB - af532250-b7a3-4656-a5de-2fee182779e4 - V_tiers_dashboard_am -    Fichier: /tmp/mssql_export.csv
[32m2026-02-26 12:11:25 +0000[0m - dagster - [34mINFO[0m - __ASSET_JOB - af532250-b7a3-4656-a5de-2fee182779e4 - V_tiers_dashboard_am -    Taille: 33.45 MB
[32m2026-02-26 12:11:25 +0000[0m - dagster - [34mINFO[0m - __ASSET_JOB - af532250-b7a3-4656-a5de-2fee182779e4 - V_tiers_dashboard_am - ================================================================================
[32m2026-02-26 12:11:25 +0000[0m - dagster - [34mINFO[0m - __ASSET_JOB - af532250-b7a3-4656-a5de-2fee182779e4 - V_tiers_dashboard_am - 🔧 Setup Snowflake
[32m2026-02-26 12:11:25 +0000[0m - dagster - [34mINFO[0m - __ASSET_JOB - af532250-b7a3-4656-a5de-2fee182779e4 - V_tiers_dashboard_am - ================================================================================
2026-02-26 12:11:25,326 - INFO - Snowflake Connector for Python Version: 4.3.0, Python Version: 3.12.3, Platform: Linux-6.6.87.2-microsoft-standard-WSL2-x86_64-with-glibc2.39
2026-02-26 12:11:25,327 - INFO - Connecting to GLOBAL Snowflake domain
[32m2026-02-26 12:11:28 +0000[0m - dagster - [34mINFO[0m - __ASSET_JOB - af532250-b7a3-4656-a5de-2fee182779e4 - V_tiers_dashboard_am - 🔧 Création du file format CSV...
[32m2026-02-26 12:11:28 +0000[0m - dagster - [34mINFO[0m - __ASSET_JOB - af532250-b7a3-4656-a5de-2fee182779e4 - V_tiers_dashboard_am - ✅ File format mssql_csv_file_format créé
[32m2026-02-26 12:11:28 +0000[0m - dagster - [34mINFO[0m - __ASSET_JOB - af532250-b7a3-4656-a5de-2fee182779e4 - V_tiers_dashboard_am - 🔧 Création du stage...
[32m2026-02-26 12:11:28 +0000[0m - dagster - [34mINFO[0m - __ASSET_JOB - af532250-b7a3-4656-a5de-2fee182779e4 - V_tiers_dashboard_am - ✅ Stage MSSQL_DIRECT_STAGE créé
[32m2026-02-26 12:11:28 +0000[0m - dagster - [34mINFO[0m - __ASSET_JOB - af532250-b7a3-4656-a5de-2fee182779e4 - V_tiers_dashboard_am - 🔧 Création de la table NEEMBA.EQUIPEMENT.V_tiers_dashboard_am...
2026-02-26 12:11:28,930 - INFO - 🔧 Génération DDL: AI_V_tiers_dashboard_am
2026-02-26 12:11:28,930 - INFO - 📋 Extraction du schéma: V_tiers_dashboard_am
2026-02-26 12:11:32,012 - INFO - ✅ 29 colonnes extraites
2026-02-26 12:11:32,095 - INFO - ✅ DDL généré (29 colonnes)
 CREATE OR REPLACE TABLE NEEMBA.EQUIPEMENT.AI_V_tiers_dashboard_am (
    tier_sk NUMBER(10,0),
    tie_sk NUMBER(10,0) NULL,
    tie_idjade VARCHAR(50),
    date_creation_tier TIMESTAMP_NTZ NULL,
    dra_sk NUMBER(10,0) NULL,
    tie_DCN_Code VARCHAR(10),
    parent_DCN_Code VARCHAR(10),
    tie_idsociete VARCHAR(50),
    tie_idcompagnie VARCHAR(50),
    tie_idirium_ie VARCHAR(50),
    tier_Raison_Sociale VARCHAR(1200),
    tier_cic_Code VARCHAR(80),
    cic_Libelle VARCHAR(100),
    ctci_Code VARCHAR(50),
    NomPSSR_ctci_Code VARCHAR(201),
    Nom_Manager_Commercial_ctci VARCHAR(201),
    tier_CDID VARCHAR(40),
    tier_UCID VARCHAR(50),
    treg_Libelle VARCHAR(100),
    NomPSSR1_ctci VARCHAR(201),
    Nom_Manager_Commercial2 VARCHAR(201),
    tier_dra_code_principal VARCHAR(4),
    dbu_code VARCHAR(10) NULL,
    dbu_libelle_majuscule VARCHAR(50) NULL,
    dra_libelle VARCHAR(50) NULL,
    pay_code VARCHAR(10) NULL,
    pay_libelle VARCHAR(50) NULL,
    pay_libelle_principal VARCHAR(50) NULL,
    tier_lib_nature VARCHAR(30)
)
[32m2026-02-26 12:11:32 +0000[0m - dagster - [34mINFO[0m - __ASSET_JOB - af532250-b7a3-4656-a5de-2fee182779e4 - V_tiers_dashboard_am - ✅ Table V_tiers_dashboard_am créée avec succès
[32m2026-02-26 12:11:32 +0000[0m - dagster - [34mINFO[0m - __ASSET_JOB - af532250-b7a3-4656-a5de-2fee182779e4 - V_tiers_dashboard_am -    Localisation: NEEMBA.EQUIPEMENT.V_tiers_dashboard_am
[32m2026-02-26 12:11:32 +0000[0m - dagster - [34mINFO[0m - __ASSET_JOB - af532250-b7a3-4656-a5de-2fee182779e4 - V_tiers_dashboard_am - ================================================================================
[32m2026-02-26 12:11:32 +0000[0m - dagster - [34mINFO[0m - __ASSET_JOB - af532250-b7a3-4656-a5de-2fee182779e4 - V_tiers_dashboard_am - 📤 Upload vers Snowflake Stage
[32m2026-02-26 12:11:32 +0000[0m - dagster - [34mINFO[0m - __ASSET_JOB - af532250-b7a3-4656-a5de-2fee182779e4 - V_tiers_dashboard_am - ================================================================================
2026-02-26 12:11:32,908 - INFO - Snowflake Connector for Python Version: 4.3.0, Python Version: 3.12.3, Platform: Linux-6.6.87.2-microsoft-standard-WSL2-x86_64-with-glibc2.39
2026-02-26 12:11:32,908 - INFO - Connecting to GLOBAL Snowflake domain
[32m2026-02-26 12:11:35 +0000[0m - dagster - [34mINFO[0m - __ASSET_JOB - af532250-b7a3-4656-a5de-2fee182779e4 - V_tiers_dashboard_am - 🔄 Upload de mssql_export.csv...
[32m2026-02-26 12:11:38 +0000[0m - dagster - [34mINFO[0m - __ASSET_JOB - af532250-b7a3-4656-a5de-2fee182779e4 - V_tiers_dashboard_am - ✅ Upload terminé en 3.03s
[32m2026-02-26 12:11:38 +0000[0m - dagster - [34mINFO[0m - __ASSET_JOB - af532250-b7a3-4656-a5de-2fee182779e4 - V_tiers_dashboard_am - 📁 Fichiers dans le stage: 1
[32m2026-02-26 12:11:39 +0000[0m - dagster - [34mINFO[0m - __ASSET_JOB - af532250-b7a3-4656-a5de-2fee182779e4 - V_tiers_dashboard_am - ================================================================================
[32m2026-02-26 12:11:39 +0000[0m - dagster - [34mINFO[0m - __ASSET_JOB - af532250-b7a3-4656-a5de-2fee182779e4 - V_tiers_dashboard_am - 📥 COPY INTO Snowflake
[32m2026-02-26 12:11:39 +0000[0m - dagster - [34mINFO[0m - __ASSET_JOB - af532250-b7a3-4656-a5de-2fee182779e4 - V_tiers_dashboard_am - ================================================================================
2026-02-26 12:11:39,148 - INFO - Snowflake Connector for Python Version: 4.3.0, Python Version: 3.12.3, Platform: Linux-6.6.87.2-microsoft-standard-WSL2-x86_64-with-glibc2.39
2026-02-26 12:11:39,148 - INFO - Connecting to GLOBAL Snowflake domain
[32m2026-02-26 12:11:41 +0000[0m - dagster - [34mINFO[0m - __ASSET_JOB - af532250-b7a3-4656-a5de-2fee182779e4 - V_tiers_dashboard_am - 🔄 Chargement dans AI_V_tiers_dashboard_am...
[32m2026-02-26 12:11:46 +0000[0m - dagster - [34mINFO[0m - __ASSET_JOB - af532250-b7a3-4656-a5de-2fee182779e4 - V_tiers_dashboard_am -    ✓ mssql_direct_stage/mssql_export.csv.gz: 145,544 lignes
[32m2026-02-26 12:11:46 +0000[0m - dagster - [34mINFO[0m - __ASSET_JOB - af532250-b7a3-4656-a5de-2fee182779e4 - V_tiers_dashboard_am - ✅ COPY INTO terminé en 4.35s
[32m2026-02-26 12:11:46 +0000[0m - dagster - [34mINFO[0m - __ASSET_JOB - af532250-b7a3-4656-a5de-2fee182779e4 - V_tiers_dashboard_am - 📊✅ Nombre de lignes chargées : 145,544
[32m2026-02-26 12:11:46 +0000[0m - dagster - [34mINFO[0m - __ASSET_JOB - af532250-b7a3-4656-a5de-2fee182779e4 - V_tiers_dashboard_am - 📊❌ Nombre d'erreurs : 0
[32m2026-02-26 12:11:46 +0000[0m - dagster - [34mINFO[0m - __ASSET_JOB - af532250-b7a3-4656-a5de-2fee182779e4 - V_tiers_dashboard_am - 📊 Total dans la table AI_V_tiers_dashboard_am: 145,544
[32m2026-02-26 12:11:46 +0000[0m - dagster - [34mINFO[0m - __ASSET_JOB - af532250-b7a3-4656-a5de-2fee182779e4 - V_tiers_dashboard_am - 
================================================================================
[32m2026-02-26 12:11:46 +0000[0m - dagster - [34mINFO[0m - __ASSET_JOB - af532250-b7a3-4656-a5de-2fee182779e4 - V_tiers_dashboard_am - ✅ PIPELINE TERMINÉ AVEC SUCCÈS
[32m2026-02-26 12:11:47 +0000[0m - dagster - [34mINFO[0m - __ASSET_JOB - af532250-b7a3-4656-a5de-2fee182779e4 - V_tiers_dashboard_am - 🕒 Temps total Snowflake: 61.87s
[32m2026-02-26 12:11:47 +0000[0m - dagster - [34mINFO[0m - __ASSET_JOB - af532250-b7a3-4656-a5de-2fee182779e4 - V_tiers_dashboard_am - 📊 Total lignes insérées: 145,544
[32m2026-02-26 12:11:47 +0000[0m - dagster - [34mINFO[0m - __ASSET_JOB - af532250-b7a3-4656-a5de-2fee182779e4 - V_tiers_dashboard_am - ⚡ Débit: 2353 rows/sec
[32m2026-02-26 12:11:47 +0000[0m - dagster - [34mINFO[0m - __ASSET_JOB - af532250-b7a3-4656-a5de-2fee182779e4 - V_tiers_dashboard_am - ================================================================================

[32m2026-02-26 12:11:47 +0000[0m - dagster - [34mDEBUG[0m - __ASSET_JOB - af532250-b7a3-4656-a5de-2fee182779e4 - 2521216 - V_tiers_dashboard_am - STEP_OUTPUT - Yielded output "result" of type "Any". (Type check passed).
2026-02-26 12:11:47,224 - INFO - Context impl SQLiteImpl.
2026-02-26 12:11:47,226 - INFO - Will assume non-transactional DDL.
[32m2026-02-26 12:11:47 +0000[0m - dagster - [34mDEBUG[0m - __ASSET_JOB - af532250-b7a3-4656-a5de-2fee182779e4 - 2521216 - V_tiers_dashboard_am - ASSET_MATERIALIZATION - Materialized value V_tiers_dashboard_am.
[32m2026-02-26 12:11:47 +0000[0m - dagster - [34mDEBUG[0m - __ASSET_JOB - af532250-b7a3-4656-a5de-2fee182779e4 - 2521216 - V_tiers_dashboard_am - STEP_SUCCESS - Finished execution of step "V_tiers_dashboard_am" in 1m2s.
