[32m2026-02-26 11:19:48 +0000[0m - dagster - [34mDEBUG[0m - __ASSET_JOB - 42b0a836-6421-4233-9105-9998b6b74bf5 - 2397649 - LOGS_CAPTURED - Started capturing logs in process (pid: 2397649).
[32m2026-02-26 11:19:48 +0000[0m - dagster - [34mDEBUG[0m - __ASSET_JOB - 42b0a836-6421-4233-9105-9998b6b74bf5 - 2397649 - v_Inventory_Parts_Ops - STEP_START - Started execution of step "v_Inventory_Parts_Ops".
2026-02-26 11:19:48,617 - INFO - Context impl SQLiteImpl.
2026-02-26 11:19:48,617 - INFO - Will assume non-transactional DDL.
2026-02-26 11:19:48,903 - INFO - Snowflake Connector for Python Version: 4.3.0, Python Version: 3.12.3, Platform: Linux-6.6.87.2-microsoft-standard-WSL2-x86_64-with-glibc2.39
2026-02-26 11:19:48,904 - INFO - Connecting to GLOBAL Snowflake domain
2026-02-26 11:19:53,578 - INFO - Snowflake Connector for Python Version: 4.3.0, Python Version: 3.12.3, Platform: Linux-6.6.87.2-microsoft-standard-WSL2-x86_64-with-glibc2.39
2026-02-26 11:19:53,579 - INFO - Connecting to GLOBAL Snowflake domain
[32m2026-02-26 11:19:57 +0000[0m - dagster - [34mINFO[0m - __ASSET_JOB - 42b0a836-6421-4233-9105-9998b6b74bf5 - v_Inventory_Parts_Ops - 
================================================================================
[32m2026-02-26 11:19:57 +0000[0m - dagster - [34mINFO[0m - __ASSET_JOB - 42b0a836-6421-4233-9105-9998b6b74bf5 - v_Inventory_Parts_Ops - 🚀 PIPELINE MSSQL → SNOWFLAKE
[32m2026-02-26 11:19:57 +0000[0m - dagster - [34mINFO[0m - __ASSET_JOB - 42b0a836-6421-4233-9105-9998b6b74bf5 - v_Inventory_Parts_Ops - 📤➡️❄️  Méthode: BCP + COPY INTO
[32m2026-02-26 11:19:57 +0000[0m - dagster - [34mINFO[0m - __ASSET_JOB - 42b0a836-6421-4233-9105-9998b6b74bf5 - v_Inventory_Parts_Ops - ================================================================================

[32m2026-02-26 11:19:57 +0000[0m - dagster - [34mINFO[0m - __ASSET_JOB - 42b0a836-6421-4233-9105-9998b6b74bf5 - v_Inventory_Parts_Ops - ================================================================================
[32m2026-02-26 11:19:57 +0000[0m - dagster - [34mINFO[0m - __ASSET_JOB - 42b0a836-6421-4233-9105-9998b6b74bf5 - v_Inventory_Parts_Ops - 📤 Export BCP depuis SQL Server pour la table V_Inventory_Parts_Ops
[32m2026-02-26 11:19:57 +0000[0m - dagster - [34mINFO[0m - __ASSET_JOB - 42b0a836-6421-4233-9105-9998b6b74bf5 - v_Inventory_Parts_Ops - ================================================================================
[32m2026-02-26 11:19:57 +0000[0m - dagster - [34mINFO[0m - __ASSET_JOB - 42b0a836-6421-4233-9105-9998b6b74bf5 - v_Inventory_Parts_Ops - 🗑️  Fichier existant supprimé: /tmp/mssql_export.csv
2026-02-26 11:19:57,582 - INFO - 🔧 BCPExporter initialisé:
2026-02-26 11:19:57,582 - INFO -    Mode: Natif
2026-02-26 11:19:57,582 - INFO -    BCP: bcp
[32m2026-02-26 11:19:57 +0000[0m - dagster - [34mINFO[0m - __ASSET_JOB - 42b0a836-6421-4233-9105-9998b6b74bf5 - v_Inventory_Parts_Ops - 🔄 Exécution BCP...
2026-02-26 11:19:57,597 - INFO - 💻 Mode natif
2026-02-26 11:19:57,597 - INFO - 🔄 Commande BCP: bcp SELECT TOP 10000000 * FROM V_Inventory_Parts_Ops WITH (NOLOCK) queryout /tmp/mssql_export.csv -c -C 65001 -t | -r 
 -S *** -d *** -U *** -P ***
